[2023-03-30T13:34:54.184+0000] {taskinstance.py:1165} INFO - Dependencies all met for <TaskInstance: dag_with_python.greet scheduled__2023-03-29T00:00:00+00:00 [queued]>
[2023-03-30T13:34:54.201+0000] {taskinstance.py:1165} INFO - Dependencies all met for <TaskInstance: dag_with_python.greet scheduled__2023-03-29T00:00:00+00:00 [queued]>
[2023-03-30T13:34:54.202+0000] {taskinstance.py:1362} INFO - 
--------------------------------------------------------------------------------
[2023-03-30T13:34:54.204+0000] {taskinstance.py:1363} INFO - Starting attempt 1 of 6
[2023-03-30T13:34:54.205+0000] {taskinstance.py:1364} INFO - 
--------------------------------------------------------------------------------
[2023-03-30T13:34:54.229+0000] {taskinstance.py:1383} INFO - Executing <Task(PythonOperator): greet> on 2023-03-29 00:00:00+00:00
[2023-03-30T13:34:54.234+0000] {standard_task_runner.py:54} INFO - Started process 1813 to run task
[2023-03-30T13:34:54.238+0000] {standard_task_runner.py:82} INFO - Running: ['***', 'tasks', 'run', 'dag_with_python', 'greet', 'scheduled__2023-03-29T00:00:00+00:00', '--job-id', '12', '--raw', '--subdir', 'DAGS_FOLDER/dag_with_python.py', '--cfg-path', '/tmp/tmphkc_5txs']
[2023-03-30T13:34:54.240+0000] {standard_task_runner.py:83} INFO - Job 12: Subtask greet
[2023-03-30T13:34:54.242+0000] {dagbag.py:525} INFO - Filling up the DagBag from /opt/***/dags/dag_with_python.py
[2023-03-30T13:34:54.425+0000] {task_command.py:384} INFO - Running <TaskInstance: dag_with_python.greet scheduled__2023-03-29T00:00:00+00:00 [running]> on host 2c22c1ddc8a3
[2023-03-30T13:34:54.595+0000] {taskinstance.py:1592} INFO - Exporting the following env vars:
AIRFLOW_CTX_DAG_OWNER=buhinalba
AIRFLOW_CTX_DAG_ID=dag_with_python
AIRFLOW_CTX_TASK_ID=greet
AIRFLOW_CTX_EXECUTION_DATE=2023-03-29T00:00:00+00:00
AIRFLOW_CTX_TRY_NUMBER=1
AIRFLOW_CTX_DAG_RUN_ID=scheduled__2023-03-29T00:00:00+00:00
[2023-03-30T13:34:54.598+0000] {logging_mixin.py:117} INFO - hello world
[2023-03-30T13:34:54.600+0000] {python.py:177} INFO - Done. Returned value was: None
[2023-03-30T13:34:54.620+0000] {taskinstance.py:1406} INFO - Marking task as SUCCESS. dag_id=dag_with_python, task_id=greet, execution_date=20230329T000000, start_date=20230330T133454, end_date=20230330T133454
[2023-03-30T13:34:54.653+0000] {local_task_job.py:164} INFO - Task exited with return code 0
[2023-03-30T13:34:54.688+0000] {local_task_job.py:273} INFO - 0 downstream tasks scheduled from follow-on schedule check
